{"/Users/hailey/1_swpp/prev_hw/swpp-hw3-ddanddan18/src/App.js": {"path":"/Users/hailey/1_swpp/prev_hw/swpp-hw3-ddanddan18/src/App.js","statementMap":{"0":{"start":{"line":15,"column":4},"end":{"line":15,"column":28}},"1":{"start":{"line":16,"column":4},"end":{"line":16,"column":31}},"2":{"start":{"line":17,"column":4},"end":{"line":17,"column":31}},"3":{"start":{"line":18,"column":4},"end":{"line":18,"column":31}},"4":{"start":{"line":21,"column":4},"end":{"line":21,"column":39}},"5":{"start":{"line":22,"column":4},"end":{"line":36,"column":6}},"6":{"start":{"line":32,"column":75},"end":{"line":32,"column":93}},"7":{"start":{"line":43,"column":2},"end":{"line":50,"column":4}},"8":{"start":{"line":47,"column":8},"end":{"line":47,"column":116}},"9":{"start":{"line":53,"column":24},"end":{"line":58,"column":1}},"10":{"start":{"line":54,"column":2},"end":{"line":57,"column":4}},"11":{"start":{"line":59,"column":27},"end":{"line":66,"column":1}},"12":{"start":{"line":60,"column":2},"end":{"line":65,"column":4}},"13":{"start":{"line":61,"column":22},"end":{"line":61,"column":57}},"14":{"start":{"line":62,"column":25},"end":{"line":62,"column":63}},"15":{"start":{"line":63,"column":25},"end":{"line":63,"column":63}},"16":{"start":{"line":64,"column":25},"end":{"line":64,"column":63}}},"fnMap":{"0":{"name":"(anonymous_0)","decl":{"start":{"line":14,"column":2},"end":{"line":14,"column":3}},"loc":{"start":{"line":14,"column":22},"end":{"line":19,"column":3}},"line":14},"1":{"name":"(anonymous_1)","decl":{"start":{"line":20,"column":2},"end":{"line":20,"column":3}},"loc":{"start":{"line":20,"column":11},"end":{"line":37,"column":3}},"line":20},"2":{"name":"(anonymous_2)","decl":{"start":{"line":32,"column":69},"end":{"line":32,"column":70}},"loc":{"start":{"line":32,"column":75},"end":{"line":32,"column":93}},"line":32},"3":{"name":"AuthRoute","decl":{"start":{"line":42,"column":9},"end":{"line":42,"column":18}},"loc":{"start":{"line":42,"column":77},"end":{"line":51,"column":1}},"line":42},"4":{"name":"(anonymous_4)","decl":{"start":{"line":46,"column":14},"end":{"line":46,"column":15}},"loc":{"start":{"line":47,"column":8},"end":{"line":47,"column":116}},"line":47},"5":{"name":"(anonymous_5)","decl":{"start":{"line":53,"column":24},"end":{"line":53,"column":25}},"loc":{"start":{"line":53,"column":35},"end":{"line":58,"column":1}},"line":53},"6":{"name":"(anonymous_6)","decl":{"start":{"line":59,"column":27},"end":{"line":59,"column":28}},"loc":{"start":{"line":59,"column":41},"end":{"line":66,"column":1}},"line":59},"7":{"name":"(anonymous_7)","decl":{"start":{"line":61,"column":16},"end":{"line":61,"column":17}},"loc":{"start":{"line":61,"column":22},"end":{"line":61,"column":57}},"line":61},"8":{"name":"(anonymous_8)","decl":{"start":{"line":62,"column":19},"end":{"line":62,"column":20}},"loc":{"start":{"line":62,"column":25},"end":{"line":62,"column":63}},"line":62},"9":{"name":"(anonymous_9)","decl":{"start":{"line":63,"column":19},"end":{"line":63,"column":20}},"loc":{"start":{"line":63,"column":25},"end":{"line":63,"column":63}},"line":63},"10":{"name":"(anonymous_10)","decl":{"start":{"line":64,"column":19},"end":{"line":64,"column":20}},"loc":{"start":{"line":64,"column":25},"end":{"line":64,"column":63}},"line":64}},"branchMap":{"0":{"loc":{"start":{"line":47,"column":8},"end":{"line":47,"column":116}},"type":"cond-expr","locations":[{"start":{"line":47,"column":24},"end":{"line":47,"column":73}},{"start":{"line":47,"column":76},"end":{"line":47,"column":116}}],"line":47},"1":{"loc":{"start":{"line":47,"column":24},"end":{"line":47,"column":73}},"type":"cond-expr","locations":[{"start":{"line":47,"column":33},"end":{"line":47,"column":46}},{"start":{"line":47,"column":49},"end":{"line":47,"column":73}}],"line":47}},"s":{"0":0,"1":0,"2":0,"3":0,"4":0,"5":0,"6":0,"7":0,"8":0,"9":0,"10":0,"11":0,"12":0,"13":0,"14":0,"15":0,"16":0},"f":{"0":0,"1":0,"2":0,"3":0,"4":0,"5":0,"6":0,"7":0,"8":0,"9":0,"10":0},"b":{"0":[0,0],"1":[0,0]},"hash":"aeaa1ce19612adf66295b4143b402213c6df6608"}
,"/Users/hailey/1_swpp/prev_hw/swpp-hw3-ddanddan18/src/components/Article/Article.js": {"path":"/Users/hailey/1_swpp/prev_hw/swpp-hw3-ddanddan18/src/components/Article/Article.js","statementMap":{"0":{"start":{"line":3,"column":16},"end":{"line":13,"column":1}},"1":{"start":{"line":4,"column":2},"end":{"line":12,"column":4}}},"fnMap":{"0":{"name":"(anonymous_0)","decl":{"start":{"line":3,"column":16},"end":{"line":3,"column":17}},"loc":{"start":{"line":3,"column":27},"end":{"line":13,"column":1}},"line":3}},"branchMap":{},"s":{"0":0,"1":0},"f":{"0":0},"b":{},"hash":"bf61ceb5d66e61e946dc4d7bfaf73e36bb7fec45"}
,"/Users/hailey/1_swpp/prev_hw/swpp-hw3-ddanddan18/src/components/Article/ArticleInput.js": {"path":"/Users/hailey/1_swpp/prev_hw/swpp-hw3-ddanddan18/src/components/Article/ArticleInput.js","statementMap":{"0":{"start":{"line":3,"column":21},"end":{"line":19,"column":1}},"1":{"start":{"line":4,"column":2},"end":{"line":18,"column":4}}},"fnMap":{"0":{"name":"(anonymous_0)","decl":{"start":{"line":3,"column":21},"end":{"line":3,"column":22}},"loc":{"start":{"line":3,"column":32},"end":{"line":19,"column":1}},"line":3}},"branchMap":{},"s":{"0":0,"1":0},"f":{"0":0},"b":{},"hash":"f696aad95058289bd4f74ee2b8e052e6a096d8dc"}
,"/Users/hailey/1_swpp/prev_hw/swpp-hw3-ddanddan18/src/components/Article/ArticleView.js": {"path":"/Users/hailey/1_swpp/prev_hw/swpp-hw3-ddanddan18/src/components/Article/ArticleView.js","statementMap":{"0":{"start":{"line":3,"column":20},"end":{"line":15,"column":1}},"1":{"start":{"line":4,"column":2},"end":{"line":14,"column":4}}},"fnMap":{"0":{"name":"(anonymous_0)","decl":{"start":{"line":3,"column":20},"end":{"line":3,"column":21}},"loc":{"start":{"line":3,"column":31},"end":{"line":15,"column":1}},"line":3}},"branchMap":{"0":{"loc":{"start":{"line":8,"column":14},"end":{"line":8,"column":94}},"type":"cond-expr","locations":[{"start":{"line":8,"column":59},"end":{"line":8,"column":64}},{"start":{"line":8,"column":67},"end":{"line":8,"column":94}}],"line":8},"1":{"loc":{"start":{"line":8,"column":14},"end":{"line":8,"column":56}},"type":"binary-expr","locations":[{"start":{"line":8,"column":14},"end":{"line":8,"column":33}},{"start":{"line":8,"column":37},"end":{"line":8,"column":56}}],"line":8}},"s":{"0":0,"1":0},"f":{"0":0},"b":{"0":[0,0],"1":[0,0]},"hash":"d9955c74e13474d0089606dbf7d4697064b9ccb6"}
,"/Users/hailey/1_swpp/prev_hw/swpp-hw3-ddanddan18/src/components/Article/Detail.js": {"path":"/Users/hailey/1_swpp/prev_hw/swpp-hw3-ddanddan18/src/components/Article/Detail.js","statementMap":{"0":{"start":{"line":13,"column":4},"end":{"line":13,"column":66}},"1":{"start":{"line":15,"column":16},"end":{"line":19,"column":3}},"2":{"start":{"line":16,"column":4},"end":{"line":16,"column":47}},"3":{"start":{"line":16,"column":40},"end":{"line":16,"column":47}},"4":{"start":{"line":18,"column":4},"end":{"line":18,"column":64}},"5":{"start":{"line":20,"column":18},"end":{"line":23,"column":3}},"6":{"start":{"line":21,"column":4},"end":{"line":21,"column":47}},"7":{"start":{"line":21,"column":40},"end":{"line":21,"column":47}},"8":{"start":{"line":22,"column":4},"end":{"line":22,"column":42}},"9":{"start":{"line":25,"column":16},"end":{"line":25,"column":18}},"10":{"start":{"line":26,"column":18},"end":{"line":26,"column":20}},"11":{"start":{"line":27,"column":21},"end":{"line":27,"column":23}},"12":{"start":{"line":28,"column":20},"end":{"line":28,"column":24}},"13":{"start":{"line":29,"column":19},"end":{"line":29,"column":23}},"14":{"start":{"line":30,"column":4},"end":{"line":36,"column":5}},"15":{"start":{"line":31,"column":6},"end":{"line":31,"column":35}},"16":{"start":{"line":32,"column":6},"end":{"line":32,"column":39}},"17":{"start":{"line":33,"column":6},"end":{"line":33,"column":42}},"18":{"start":{"line":34,"column":6},"end":{"line":34,"column":94}},"19":{"start":{"line":34,"column":51},"end":{"line":34,"column":87}},"20":{"start":{"line":35,"column":6},"end":{"line":35,"column":46}},"21":{"start":{"line":37,"column":4},"end":{"line":51,"column":6}},"22":{"start":{"line":42,"column":29},"end":{"line":42,"column":66}},"23":{"start":{"line":43,"column":31},"end":{"line":43,"column":70}},"24":{"start":{"line":44,"column":29},"end":{"line":44,"column":65}},"25":{"start":{"line":54,"column":24},"end":{"line":60,"column":1}},"26":{"start":{"line":55,"column":2},"end":{"line":59,"column":4}},"27":{"start":{"line":61,"column":27},"end":{"line":66,"column":1}},"28":{"start":{"line":62,"column":2},"end":{"line":65,"column":4}},"29":{"start":{"line":63,"column":26},"end":{"line":63,"column":65}},"30":{"start":{"line":64,"column":29},"end":{"line":64,"column":71}}},"fnMap":{"0":{"name":"(anonymous_0)","decl":{"start":{"line":11,"column":2},"end":{"line":11,"column":3}},"loc":{"start":{"line":11,"column":22},"end":{"line":14,"column":3}},"line":11},"1":{"name":"(anonymous_1)","decl":{"start":{"line":15,"column":16},"end":{"line":15,"column":17}},"loc":{"start":{"line":15,"column":41},"end":{"line":19,"column":3}},"line":15},"2":{"name":"(anonymous_2)","decl":{"start":{"line":20,"column":18},"end":{"line":20,"column":19}},"loc":{"start":{"line":20,"column":43},"end":{"line":23,"column":3}},"line":20},"3":{"name":"(anonymous_3)","decl":{"start":{"line":24,"column":2},"end":{"line":24,"column":3}},"loc":{"start":{"line":24,"column":11},"end":{"line":52,"column":3}},"line":24},"4":{"name":"(anonymous_4)","decl":{"start":{"line":34,"column":41},"end":{"line":34,"column":42}},"loc":{"start":{"line":34,"column":51},"end":{"line":34,"column":87}},"line":34},"5":{"name":"(anonymous_5)","decl":{"start":{"line":42,"column":23},"end":{"line":42,"column":24}},"loc":{"start":{"line":42,"column":29},"end":{"line":42,"column":66}},"line":42},"6":{"name":"(anonymous_6)","decl":{"start":{"line":43,"column":25},"end":{"line":43,"column":26}},"loc":{"start":{"line":43,"column":31},"end":{"line":43,"column":70}},"line":43},"7":{"name":"(anonymous_7)","decl":{"start":{"line":44,"column":23},"end":{"line":44,"column":24}},"loc":{"start":{"line":44,"column":29},"end":{"line":44,"column":65}},"line":44},"8":{"name":"(anonymous_8)","decl":{"start":{"line":54,"column":24},"end":{"line":54,"column":25}},"loc":{"start":{"line":54,"column":35},"end":{"line":60,"column":1}},"line":54},"9":{"name":"(anonymous_9)","decl":{"start":{"line":61,"column":27},"end":{"line":61,"column":28}},"loc":{"start":{"line":61,"column":41},"end":{"line":66,"column":1}},"line":61},"10":{"name":"(anonymous_10)","decl":{"start":{"line":63,"column":18},"end":{"line":63,"column":19}},"loc":{"start":{"line":63,"column":26},"end":{"line":63,"column":65}},"line":63},"11":{"name":"(anonymous_11)","decl":{"start":{"line":64,"column":21},"end":{"line":64,"column":22}},"loc":{"start":{"line":64,"column":29},"end":{"line":64,"column":71}},"line":64}},"branchMap":{"0":{"loc":{"start":{"line":16,"column":4},"end":{"line":16,"column":47}},"type":"if","locations":[{"start":{"line":16,"column":4},"end":{"line":16,"column":47}},{"start":{"line":16,"column":4},"end":{"line":16,"column":47}}],"line":16},"1":{"loc":{"start":{"line":21,"column":4},"end":{"line":21,"column":47}},"type":"if","locations":[{"start":{"line":21,"column":4},"end":{"line":21,"column":47}},{"start":{"line":21,"column":4},"end":{"line":21,"column":47}}],"line":21},"2":{"loc":{"start":{"line":30,"column":4},"end":{"line":36,"column":5}},"type":"if","locations":[{"start":{"line":30,"column":4},"end":{"line":36,"column":5}},{"start":{"line":30,"column":4},"end":{"line":36,"column":5}}],"line":30}},"s":{"0":0,"1":0,"2":0,"3":0,"4":0,"5":0,"6":0,"7":0,"8":0,"9":0,"10":0,"11":0,"12":0,"13":0,"14":0,"15":0,"16":0,"17":0,"18":0,"19":0,"20":0,"21":0,"22":0,"23":0,"24":0,"25":0,"26":0,"27":0,"28":0,"29":0,"30":0},"f":{"0":0,"1":0,"2":0,"3":0,"4":0,"5":0,"6":0,"7":0,"8":0,"9":0,"10":0,"11":0},"b":{"0":[0,0],"1":[0,0],"2":[0,0]},"hash":"67a7dfa67a63302004bbe8fea571e8a3a3f9789c"}
,"/Users/hailey/1_swpp/prev_hw/swpp-hw3-ddanddan18/src/components/Article/Button/CreateButton.js": {"path":"/Users/hailey/1_swpp/prev_hw/swpp-hw3-ddanddan18/src/components/Article/Button/CreateButton.js","statementMap":{"0":{"start":{"line":3,"column":21},"end":{"line":14,"column":1}},"1":{"start":{"line":4,"column":2},"end":{"line":13,"column":4}}},"fnMap":{"0":{"name":"(anonymous_0)","decl":{"start":{"line":3,"column":21},"end":{"line":3,"column":22}},"loc":{"start":{"line":3,"column":32},"end":{"line":14,"column":1}},"line":3}},"branchMap":{},"s":{"0":0,"1":0},"f":{"0":0},"b":{},"hash":"0e92507c35cda4e489e0a3f08bfa5d37a3f4f3ed"}
,"/Users/hailey/1_swpp/prev_hw/swpp-hw3-ddanddan18/src/components/Article/Button/DetailButton.js": {"path":"/Users/hailey/1_swpp/prev_hw/swpp-hw3-ddanddan18/src/components/Article/Button/DetailButton.js","statementMap":{"0":{"start":{"line":3,"column":21},"end":{"line":18,"column":1}},"1":{"start":{"line":4,"column":2},"end":{"line":17,"column":4}}},"fnMap":{"0":{"name":"(anonymous_0)","decl":{"start":{"line":3,"column":21},"end":{"line":3,"column":22}},"loc":{"start":{"line":3,"column":32},"end":{"line":18,"column":1}},"line":3}},"branchMap":{},"s":{"0":0,"1":0},"f":{"0":0},"b":{},"hash":"24ab31a76d76c52b2cd36a97d0e34794c01f352e"}
,"/Users/hailey/1_swpp/prev_hw/swpp-hw3-ddanddan18/src/components/Article/Button/EditButton.js": {"path":"/Users/hailey/1_swpp/prev_hw/swpp-hw3-ddanddan18/src/components/Article/Button/EditButton.js","statementMap":{"0":{"start":{"line":3,"column":19},"end":{"line":14,"column":1}},"1":{"start":{"line":4,"column":2},"end":{"line":13,"column":4}}},"fnMap":{"0":{"name":"(anonymous_0)","decl":{"start":{"line":3,"column":19},"end":{"line":3,"column":20}},"loc":{"start":{"line":3,"column":30},"end":{"line":14,"column":1}},"line":3}},"branchMap":{},"s":{"0":0,"1":0},"f":{"0":0},"b":{},"hash":"11642f2cd05ab5a1776536cdbc75d864ff75fb55"}
,"/Users/hailey/1_swpp/prev_hw/swpp-hw3-ddanddan18/src/components/Article/Tab/Tab.js": {"path":"/Users/hailey/1_swpp/prev_hw/swpp-hw3-ddanddan18/src/components/Article/Tab/Tab.js","statementMap":{"0":{"start":{"line":3,"column":12},"end":{"line":14,"column":1}},"1":{"start":{"line":4,"column":2},"end":{"line":13,"column":4}}},"fnMap":{"0":{"name":"(anonymous_0)","decl":{"start":{"line":3,"column":12},"end":{"line":3,"column":13}},"loc":{"start":{"line":3,"column":23},"end":{"line":14,"column":1}},"line":3}},"branchMap":{},"s":{"0":0,"1":0},"f":{"0":0},"b":{},"hash":"5a8e5d66f842d32f6864b5a67d8b8195ec132941"}
,"/Users/hailey/1_swpp/prev_hw/swpp-hw3-ddanddan18/src/components/Comment/Comment.js": {"path":"/Users/hailey/1_swpp/prev_hw/swpp-hw3-ddanddan18/src/components/Comment/Comment.js","statementMap":{"0":{"start":{"line":3,"column":16},"end":{"line":14,"column":1}},"1":{"start":{"line":4,"column":2},"end":{"line":13,"column":4}}},"fnMap":{"0":{"name":"(anonymous_0)","decl":{"start":{"line":3,"column":16},"end":{"line":3,"column":17}},"loc":{"start":{"line":3,"column":27},"end":{"line":14,"column":1}},"line":3}},"branchMap":{},"s":{"0":0,"1":0},"f":{"0":0},"b":{},"hash":"5a1d98aadf741814d7b9d2559c50a4e2a88986a0"}
,"/Users/hailey/1_swpp/prev_hw/swpp-hw3-ddanddan18/src/components/Comment/CommentButton.js": {"path":"/Users/hailey/1_swpp/prev_hw/swpp-hw3-ddanddan18/src/components/Comment/CommentButton.js","statementMap":{"0":{"start":{"line":2,"column":22},"end":{"line":13,"column":1}},"1":{"start":{"line":3,"column":2},"end":{"line":12,"column":4}}},"fnMap":{"0":{"name":"(anonymous_0)","decl":{"start":{"line":2,"column":22},"end":{"line":2,"column":23}},"loc":{"start":{"line":2,"column":33},"end":{"line":13,"column":1}},"line":2}},"branchMap":{},"s":{"0":0,"1":0},"f":{"0":0},"b":{},"hash":"204f341e2ff5baf58fd2887508fb2eff01a51e8d"}
,"/Users/hailey/1_swpp/prev_hw/swpp-hw3-ddanddan18/src/containers/Articles/ArticleList.js": {"path":"/Users/hailey/1_swpp/prev_hw/swpp-hw3-ddanddan18/src/containers/Articles/ArticleList.js","statementMap":{"0":{"start":{"line":9,"column":4},"end":{"line":9,"column":31}},"1":{"start":{"line":12,"column":23},"end":{"line":15,"column":3}},"2":{"start":{"line":14,"column":4},"end":{"line":14,"column":48}},"3":{"start":{"line":16,"column":22},"end":{"line":19,"column":3}},"4":{"start":{"line":18,"column":4},"end":{"line":18,"column":51}},"5":{"start":{"line":22,"column":21},"end":{"line":35,"column":6}},"6":{"start":{"line":24,"column":25},"end":{"line":24,"column":83}},"7":{"start":{"line":24,"column":57},"end":{"line":24,"column":82}},"8":{"start":{"line":26,"column":6},"end":{"line":34,"column":8}},"9":{"start":{"line":32,"column":28},"end":{"line":32,"column":55}},"10":{"start":{"line":37,"column":4},"end":{"line":51,"column":6}},"11":{"start":{"line":45,"column":12},"end":{"line":45,"column":38}},"12":{"start":{"line":55,"column":24},"end":{"line":60,"column":1}},"13":{"start":{"line":56,"column":2},"end":{"line":59,"column":4}},"14":{"start":{"line":61,"column":27},"end":{"line":65,"column":1}},"15":{"start":{"line":62,"column":2},"end":{"line":64,"column":4}},"16":{"start":{"line":63,"column":25},"end":{"line":63,"column":63}}},"fnMap":{"0":{"name":"(anonymous_0)","decl":{"start":{"line":8,"column":2},"end":{"line":8,"column":3}},"loc":{"start":{"line":8,"column":22},"end":{"line":10,"column":3}},"line":8},"1":{"name":"(anonymous_1)","decl":{"start":{"line":12,"column":23},"end":{"line":12,"column":24}},"loc":{"start":{"line":12,"column":29},"end":{"line":15,"column":3}},"line":12},"2":{"name":"(anonymous_2)","decl":{"start":{"line":16,"column":22},"end":{"line":16,"column":23}},"loc":{"start":{"line":16,"column":31},"end":{"line":19,"column":3}},"line":16},"3":{"name":"(anonymous_3)","decl":{"start":{"line":21,"column":2},"end":{"line":21,"column":3}},"loc":{"start":{"line":21,"column":11},"end":{"line":52,"column":3}},"line":21},"4":{"name":"(anonymous_4)","decl":{"start":{"line":22,"column":51},"end":{"line":22,"column":52}},"loc":{"start":{"line":22,"column":60},"end":{"line":35,"column":5}},"line":22},"5":{"name":"(anonymous_5)","decl":{"start":{"line":24,"column":47},"end":{"line":24,"column":48}},"loc":{"start":{"line":24,"column":57},"end":{"line":24,"column":82}},"line":24},"6":{"name":"(anonymous_6)","decl":{"start":{"line":32,"column":22},"end":{"line":32,"column":23}},"loc":{"start":{"line":32,"column":28},"end":{"line":32,"column":55}},"line":32},"7":{"name":"(anonymous_7)","decl":{"start":{"line":44,"column":19},"end":{"line":44,"column":20}},"loc":{"start":{"line":44,"column":25},"end":{"line":46,"column":11}},"line":44},"8":{"name":"(anonymous_8)","decl":{"start":{"line":55,"column":24},"end":{"line":55,"column":25}},"loc":{"start":{"line":55,"column":35},"end":{"line":60,"column":1}},"line":55},"9":{"name":"(anonymous_9)","decl":{"start":{"line":61,"column":27},"end":{"line":61,"column":28}},"loc":{"start":{"line":61,"column":41},"end":{"line":65,"column":1}},"line":61},"10":{"name":"(anonymous_10)","decl":{"start":{"line":63,"column":19},"end":{"line":63,"column":20}},"loc":{"start":{"line":63,"column":25},"end":{"line":63,"column":63}},"line":63}},"branchMap":{},"s":{"0":0,"1":0,"2":0,"3":0,"4":0,"5":0,"6":0,"7":0,"8":0,"9":0,"10":0,"11":0,"12":0,"13":0,"14":0,"15":0,"16":0},"f":{"0":0,"1":0,"2":0,"3":0,"4":0,"5":0,"6":0,"7":0,"8":0,"9":0,"10":0},"b":{},"hash":"0add391676b4f33f258d9aaf77e6255a7ddec6fb"}
,"/Users/hailey/1_swpp/prev_hw/swpp-hw3-ddanddan18/src/containers/Comments/CommentList.js": {"path":"/Users/hailey/1_swpp/prev_hw/swpp-hw3-ddanddan18/src/containers/Comments/CommentList.js","statementMap":{"0":{"start":{"line":9,"column":4},"end":{"line":9,"column":31}},"1":{"start":{"line":11,"column":16},"end":{"line":23,"column":3}},"2":{"start":{"line":12,"column":4},"end":{"line":12,"column":52}},"3":{"start":{"line":12,"column":45},"end":{"line":12,"column":52}},"4":{"start":{"line":14,"column":18},"end":{"line":14,"column":58}},"5":{"start":{"line":17,"column":4},"end":{"line":17,"column":46}},"6":{"start":{"line":17,"column":39},"end":{"line":17,"column":46}},"7":{"start":{"line":19,"column":4},"end":{"line":19,"column":38}},"8":{"start":{"line":19,"column":31},"end":{"line":19,"column":38}},"9":{"start":{"line":21,"column":26},"end":{"line":21,"column":52}},"10":{"start":{"line":22,"column":4},"end":{"line":22,"column":44}},"11":{"start":{"line":24,"column":18},"end":{"line":27,"column":3}},"12":{"start":{"line":25,"column":4},"end":{"line":25,"column":47}},"13":{"start":{"line":25,"column":40},"end":{"line":25,"column":47}},"14":{"start":{"line":26,"column":4},"end":{"line":26,"column":42}},"15":{"start":{"line":30,"column":21},"end":{"line":33,"column":6}},"16":{"start":{"line":32,"column":6},"end":{"line":32,"column":53}},"17":{"start":{"line":34,"column":31},"end":{"line":47,"column":6}},"18":{"start":{"line":35,"column":6},"end":{"line":46,"column":8}},"19":{"start":{"line":38,"column":63},"end":{"line":38,"column":88}},"20":{"start":{"line":40,"column":31},"end":{"line":40,"column":52}},"21":{"start":{"line":41,"column":33},"end":{"line":41,"column":74}},"22":{"start":{"line":48,"column":4},"end":{"line":52,"column":6}},"23":{"start":{"line":56,"column":24},"end":{"line":62,"column":1}},"24":{"start":{"line":57,"column":2},"end":{"line":61,"column":4}},"25":{"start":{"line":63,"column":27},"end":{"line":69,"column":1}},"26":{"start":{"line":64,"column":2},"end":{"line":68,"column":4}},"27":{"start":{"line":65,"column":25},"end":{"line":65,"column":63}},"28":{"start":{"line":66,"column":29},"end":{"line":66,"column":71}},"29":{"start":{"line":67,"column":28},"end":{"line":67,"column":69}}},"fnMap":{"0":{"name":"(anonymous_0)","decl":{"start":{"line":8,"column":2},"end":{"line":8,"column":3}},"loc":{"start":{"line":8,"column":22},"end":{"line":10,"column":3}},"line":8},"1":{"name":"(anonymous_1)","decl":{"start":{"line":11,"column":16},"end":{"line":11,"column":17}},"loc":{"start":{"line":11,"column":25},"end":{"line":23,"column":3}},"line":11},"2":{"name":"(anonymous_2)","decl":{"start":{"line":24,"column":18},"end":{"line":24,"column":19}},"loc":{"start":{"line":24,"column":43},"end":{"line":27,"column":3}},"line":24},"3":{"name":"(anonymous_3)","decl":{"start":{"line":29,"column":2},"end":{"line":29,"column":3}},"loc":{"start":{"line":29,"column":11},"end":{"line":53,"column":3}},"line":29},"4":{"name":"(anonymous_4)","decl":{"start":{"line":30,"column":54},"end":{"line":30,"column":55}},"loc":{"start":{"line":30,"column":63},"end":{"line":33,"column":5}},"line":30},"5":{"name":"(anonymous_5)","decl":{"start":{"line":34,"column":44},"end":{"line":34,"column":45}},"loc":{"start":{"line":34,"column":53},"end":{"line":47,"column":5}},"line":34},"6":{"name":"(anonymous_6)","decl":{"start":{"line":38,"column":53},"end":{"line":38,"column":54}},"loc":{"start":{"line":38,"column":63},"end":{"line":38,"column":88}},"line":38},"7":{"name":"(anonymous_7)","decl":{"start":{"line":40,"column":25},"end":{"line":40,"column":26}},"loc":{"start":{"line":40,"column":31},"end":{"line":40,"column":52}},"line":40},"8":{"name":"(anonymous_8)","decl":{"start":{"line":41,"column":27},"end":{"line":41,"column":28}},"loc":{"start":{"line":41,"column":33},"end":{"line":41,"column":74}},"line":41},"9":{"name":"(anonymous_9)","decl":{"start":{"line":56,"column":24},"end":{"line":56,"column":25}},"loc":{"start":{"line":56,"column":35},"end":{"line":62,"column":1}},"line":56},"10":{"name":"(anonymous_10)","decl":{"start":{"line":63,"column":27},"end":{"line":63,"column":28}},"loc":{"start":{"line":63,"column":41},"end":{"line":69,"column":1}},"line":63},"11":{"name":"(anonymous_11)","decl":{"start":{"line":65,"column":19},"end":{"line":65,"column":20}},"loc":{"start":{"line":65,"column":25},"end":{"line":65,"column":63}},"line":65},"12":{"name":"(anonymous_12)","decl":{"start":{"line":66,"column":21},"end":{"line":66,"column":22}},"loc":{"start":{"line":66,"column":29},"end":{"line":66,"column":71}},"line":66},"13":{"name":"(anonymous_13)","decl":{"start":{"line":67,"column":19},"end":{"line":67,"column":20}},"loc":{"start":{"line":67,"column":28},"end":{"line":67,"column":69}},"line":67}},"branchMap":{"0":{"loc":{"start":{"line":12,"column":4},"end":{"line":12,"column":52}},"type":"if","locations":[{"start":{"line":12,"column":4},"end":{"line":12,"column":52}},{"start":{"line":12,"column":4},"end":{"line":12,"column":52}}],"line":12},"1":{"loc":{"start":{"line":17,"column":4},"end":{"line":17,"column":46}},"type":"if","locations":[{"start":{"line":17,"column":4},"end":{"line":17,"column":46}},{"start":{"line":17,"column":4},"end":{"line":17,"column":46}}],"line":17},"2":{"loc":{"start":{"line":17,"column":8},"end":{"line":17,"column":37}},"type":"binary-expr","locations":[{"start":{"line":17,"column":8},"end":{"line":17,"column":20}},{"start":{"line":17,"column":24},"end":{"line":17,"column":37}}],"line":17},"3":{"loc":{"start":{"line":19,"column":4},"end":{"line":19,"column":38}},"type":"if","locations":[{"start":{"line":19,"column":4},"end":{"line":19,"column":38}},{"start":{"line":19,"column":4},"end":{"line":19,"column":38}}],"line":19},"4":{"loc":{"start":{"line":25,"column":4},"end":{"line":25,"column":47}},"type":"if","locations":[{"start":{"line":25,"column":4},"end":{"line":25,"column":47}},{"start":{"line":25,"column":4},"end":{"line":25,"column":47}}],"line":25}},"s":{"0":0,"1":0,"2":0,"3":0,"4":0,"5":0,"6":0,"7":0,"8":0,"9":0,"10":0,"11":0,"12":0,"13":0,"14":0,"15":0,"16":0,"17":0,"18":0,"19":0,"20":0,"21":0,"22":0,"23":0,"24":0,"25":0,"26":0,"27":0,"28":0,"29":0},"f":{"0":0,"1":0,"2":0,"3":0,"4":0,"5":0,"6":0,"7":0,"8":0,"9":0,"10":0,"11":0,"12":0,"13":0},"b":{"0":[0,0],"1":[0,0],"2":[0,0],"3":[0,0],"4":[0,0]},"hash":"cb8ad9cd0bba7b376a32ef7afdf08c24a9a0a988"}
,"/Users/hailey/1_swpp/prev_hw/swpp-hw3-ddanddan18/src/containers/EditArticle/EditArticle.js": {"path":"/Users/hailey/1_swpp/prev_hw/swpp-hw3-ddanddan18/src/containers/EditArticle/EditArticle.js","statementMap":{"0":{"start":{"line":11,"column":10},"end":{"line":15,"column":3}},"1":{"start":{"line":18,"column":4},"end":{"line":18,"column":66}},"2":{"start":{"line":19,"column":4},"end":{"line":22,"column":5}},"3":{"start":{"line":20,"column":6},"end":{"line":20,"column":53}},"4":{"start":{"line":21,"column":6},"end":{"line":21,"column":57}},"5":{"start":{"line":25,"column":19},"end":{"line":29,"column":3}},"6":{"start":{"line":26,"column":4},"end":{"line":26,"column":69}},"7":{"start":{"line":26,"column":62},"end":{"line":26,"column":69}},"8":{"start":{"line":27,"column":26},"end":{"line":27,"column":101}},"9":{"start":{"line":28,"column":4},"end":{"line":28,"column":44}},"10":{"start":{"line":31,"column":16},"end":{"line":41,"column":3}},"11":{"start":{"line":33,"column":4},"end":{"line":40,"column":5}},"12":{"start":{"line":34,"column":6},"end":{"line":34,"column":64}},"13":{"start":{"line":35,"column":6},"end":{"line":35,"column":13}},"14":{"start":{"line":38,"column":9},"end":{"line":40,"column":5}},"15":{"start":{"line":39,"column":6},"end":{"line":39,"column":64}},"16":{"start":{"line":44,"column":4},"end":{"line":76,"column":6}},"17":{"start":{"line":50,"column":12},"end":{"line":50,"column":67}},"18":{"start":{"line":59,"column":38},"end":{"line":59,"column":82}},"19":{"start":{"line":60,"column":40},"end":{"line":60,"column":86}},"20":{"start":{"line":67,"column":56},"end":{"line":67,"column":85}},"21":{"start":{"line":72,"column":29},"end":{"line":72,"column":47}},"22":{"start":{"line":73,"column":32},"end":{"line":73,"column":53}},"23":{"start":{"line":79,"column":24},"end":{"line":85,"column":1}},"24":{"start":{"line":80,"column":2},"end":{"line":84,"column":4}},"25":{"start":{"line":87,"column":27},"end":{"line":93,"column":1}},"26":{"start":{"line":88,"column":2},"end":{"line":92,"column":4}},"27":{"start":{"line":89,"column":25},"end":{"line":89,"column":63}},"28":{"start":{"line":90,"column":26},"end":{"line":90,"column":65}},"29":{"start":{"line":91,"column":28},"end":{"line":91,"column":69}}},"fnMap":{"0":{"name":"(anonymous_0)","decl":{"start":{"line":17,"column":2},"end":{"line":17,"column":3}},"loc":{"start":{"line":17,"column":22},"end":{"line":23,"column":3}},"line":17},"1":{"name":"(anonymous_1)","decl":{"start":{"line":25,"column":19},"end":{"line":25,"column":20}},"loc":{"start":{"line":25,"column":25},"end":{"line":29,"column":3}},"line":25},"2":{"name":"(anonymous_2)","decl":{"start":{"line":31,"column":16},"end":{"line":31,"column":17}},"loc":{"start":{"line":31,"column":22},"end":{"line":41,"column":3}},"line":31},"3":{"name":"(anonymous_3)","decl":{"start":{"line":43,"column":2},"end":{"line":43,"column":3}},"loc":{"start":{"line":43,"column":11},"end":{"line":77,"column":3}},"line":43},"4":{"name":"(anonymous_4)","decl":{"start":{"line":49,"column":19},"end":{"line":49,"column":20}},"loc":{"start":{"line":49,"column":30},"end":{"line":51,"column":11}},"line":49},"5":{"name":"(anonymous_5)","decl":{"start":{"line":59,"column":27},"end":{"line":59,"column":28}},"loc":{"start":{"line":59,"column":38},"end":{"line":59,"column":82}},"line":59},"6":{"name":"(anonymous_6)","decl":{"start":{"line":60,"column":29},"end":{"line":60,"column":30}},"loc":{"start":{"line":60,"column":40},"end":{"line":60,"column":86}},"line":60},"7":{"name":"(anonymous_7)","decl":{"start":{"line":67,"column":46},"end":{"line":67,"column":47}},"loc":{"start":{"line":67,"column":56},"end":{"line":67,"column":85}},"line":67},"8":{"name":"(anonymous_8)","decl":{"start":{"line":72,"column":23},"end":{"line":72,"column":24}},"loc":{"start":{"line":72,"column":29},"end":{"line":72,"column":47}},"line":72},"9":{"name":"(anonymous_9)","decl":{"start":{"line":73,"column":26},"end":{"line":73,"column":27}},"loc":{"start":{"line":73,"column":32},"end":{"line":73,"column":53}},"line":73},"10":{"name":"(anonymous_10)","decl":{"start":{"line":79,"column":24},"end":{"line":79,"column":25}},"loc":{"start":{"line":79,"column":35},"end":{"line":85,"column":1}},"line":79},"11":{"name":"(anonymous_11)","decl":{"start":{"line":87,"column":27},"end":{"line":87,"column":28}},"loc":{"start":{"line":87,"column":41},"end":{"line":93,"column":1}},"line":87},"12":{"name":"(anonymous_12)","decl":{"start":{"line":89,"column":19},"end":{"line":89,"column":20}},"loc":{"start":{"line":89,"column":25},"end":{"line":89,"column":63}},"line":89},"13":{"name":"(anonymous_13)","decl":{"start":{"line":90,"column":18},"end":{"line":90,"column":19}},"loc":{"start":{"line":90,"column":26},"end":{"line":90,"column":65}},"line":90},"14":{"name":"(anonymous_14)","decl":{"start":{"line":91,"column":19},"end":{"line":91,"column":20}},"loc":{"start":{"line":91,"column":28},"end":{"line":91,"column":69}},"line":91}},"branchMap":{"0":{"loc":{"start":{"line":19,"column":4},"end":{"line":22,"column":5}},"type":"if","locations":[{"start":{"line":19,"column":4},"end":{"line":22,"column":5}},{"start":{"line":19,"column":4},"end":{"line":22,"column":5}}],"line":19},"1":{"loc":{"start":{"line":26,"column":4},"end":{"line":26,"column":69}},"type":"if","locations":[{"start":{"line":26,"column":4},"end":{"line":26,"column":69}},{"start":{"line":26,"column":4},"end":{"line":26,"column":69}}],"line":26},"2":{"loc":{"start":{"line":26,"column":8},"end":{"line":26,"column":60}},"type":"binary-expr","locations":[{"start":{"line":26,"column":8},"end":{"line":26,"column":31}},{"start":{"line":26,"column":35},"end":{"line":26,"column":60}}],"line":26},"3":{"loc":{"start":{"line":33,"column":4},"end":{"line":40,"column":5}},"type":"if","locations":[{"start":{"line":33,"column":4},"end":{"line":40,"column":5}},{"start":{"line":33,"column":4},"end":{"line":40,"column":5}}],"line":33},"4":{"loc":{"start":{"line":33,"column":8},"end":{"line":33,"column":98}},"type":"binary-expr","locations":[{"start":{"line":33,"column":8},"end":{"line":33,"column":49}},{"start":{"line":33,"column":53},"end":{"line":33,"column":98}}],"line":33},"5":{"loc":{"start":{"line":38,"column":9},"end":{"line":40,"column":5}},"type":"if","locations":[{"start":{"line":38,"column":9},"end":{"line":40,"column":5}},{"start":{"line":38,"column":9},"end":{"line":40,"column":5}}],"line":38},"6":{"loc":{"start":{"line":71,"column":19},"end":{"line":71,"column":71}},"type":"binary-expr","locations":[{"start":{"line":71,"column":19},"end":{"line":71,"column":42}},{"start":{"line":71,"column":46},"end":{"line":71,"column":71}}],"line":71}},"s":{"0":0,"1":0,"2":0,"3":0,"4":0,"5":0,"6":0,"7":0,"8":0,"9":0,"10":0,"11":0,"12":0,"13":0,"14":0,"15":0,"16":0,"17":0,"18":0,"19":0,"20":0,"21":0,"22":0,"23":0,"24":0,"25":0,"26":0,"27":0,"28":0,"29":0},"f":{"0":0,"1":0,"2":0,"3":0,"4":0,"5":0,"6":0,"7":0,"8":0,"9":0,"10":0,"11":0,"12":0,"13":0,"14":0},"b":{"0":[0,0],"1":[0,0],"2":[0,0],"3":[0,0],"4":[0,0],"5":[0,0],"6":[0,0]},"hash":"1da1829acda8dfbca6ab0836311800b947c91706"}
,"/Users/hailey/1_swpp/prev_hw/swpp-hw3-ddanddan18/src/containers/Login/Login.js": {"path":"/Users/hailey/1_swpp/prev_hw/swpp-hw3-ddanddan18/src/containers/Login/Login.js","statementMap":{"0":{"start":{"line":7,"column":10},"end":{"line":10,"column":3}},"1":{"start":{"line":14,"column":4},"end":{"line":16,"column":5}},"2":{"start":{"line":15,"column":6},"end":{"line":15,"column":41}},"3":{"start":{"line":17,"column":4},"end":{"line":40,"column":6}},"4":{"start":{"line":25,"column":31},"end":{"line":25,"column":72}},"5":{"start":{"line":33,"column":31},"end":{"line":33,"column":72}},"6":{"start":{"line":36,"column":49},"end":{"line":36,"column":68}},"7":{"start":{"line":43,"column":17},"end":{"line":54,"column":3}},"8":{"start":{"line":45,"column":4},"end":{"line":48,"column":5}},"9":{"start":{"line":46,"column":6},"end":{"line":46,"column":30}},"10":{"start":{"line":47,"column":6},"end":{"line":47,"column":33}},"11":{"start":{"line":50,"column":4},"end":{"line":50,"column":42}},"12":{"start":{"line":50,"column":35},"end":{"line":50,"column":42}},"13":{"start":{"line":52,"column":4},"end":{"line":52,"column":71}},"14":{"start":{"line":52,"column":55},"end":{"line":52,"column":68}},"15":{"start":{"line":56,"column":22},"end":{"line":61,"column":3}},"16":{"start":{"line":58,"column":20},"end":{"line":58,"column":86}},"17":{"start":{"line":59,"column":4},"end":{"line":59,"column":54}},"18":{"start":{"line":59,"column":18},"end":{"line":59,"column":54}},"19":{"start":{"line":60,"column":4},"end":{"line":60,"column":19}},"20":{"start":{"line":64,"column":24},"end":{"line":69,"column":1}},"21":{"start":{"line":65,"column":2},"end":{"line":68,"column":4}},"22":{"start":{"line":70,"column":27},"end":{"line":76,"column":1}},"23":{"start":{"line":71,"column":2},"end":{"line":75,"column":4}},"24":{"start":{"line":72,"column":23},"end":{"line":72,"column":59}},"25":{"start":{"line":73,"column":22},"end":{"line":73,"column":57}},"26":{"start":{"line":74,"column":25},"end":{"line":74,"column":63}}},"fnMap":{"0":{"name":"(anonymous_0)","decl":{"start":{"line":11,"column":2},"end":{"line":11,"column":3}},"loc":{"start":{"line":11,"column":11},"end":{"line":41,"column":3}},"line":11},"1":{"name":"(anonymous_1)","decl":{"start":{"line":25,"column":20},"end":{"line":25,"column":21}},"loc":{"start":{"line":25,"column":31},"end":{"line":25,"column":72}},"line":25},"2":{"name":"(anonymous_2)","decl":{"start":{"line":33,"column":20},"end":{"line":33,"column":21}},"loc":{"start":{"line":33,"column":31},"end":{"line":33,"column":72}},"line":33},"3":{"name":"(anonymous_3)","decl":{"start":{"line":36,"column":43},"end":{"line":36,"column":44}},"loc":{"start":{"line":36,"column":49},"end":{"line":36,"column":68}},"line":36},"4":{"name":"(anonymous_4)","decl":{"start":{"line":43,"column":17},"end":{"line":43,"column":18}},"loc":{"start":{"line":43,"column":23},"end":{"line":54,"column":3}},"line":43},"5":{"name":"(anonymous_5)","decl":{"start":{"line":52,"column":45},"end":{"line":52,"column":46}},"loc":{"start":{"line":52,"column":55},"end":{"line":52,"column":68}},"line":52},"6":{"name":"(anonymous_6)","decl":{"start":{"line":56,"column":22},"end":{"line":56,"column":23}},"loc":{"start":{"line":56,"column":28},"end":{"line":61,"column":3}},"line":56},"7":{"name":"(anonymous_7)","decl":{"start":{"line":64,"column":24},"end":{"line":64,"column":25}},"loc":{"start":{"line":64,"column":35},"end":{"line":69,"column":1}},"line":64},"8":{"name":"(anonymous_8)","decl":{"start":{"line":70,"column":27},"end":{"line":70,"column":28}},"loc":{"start":{"line":70,"column":41},"end":{"line":76,"column":1}},"line":70},"9":{"name":"(anonymous_9)","decl":{"start":{"line":72,"column":13},"end":{"line":72,"column":14}},"loc":{"start":{"line":72,"column":23},"end":{"line":72,"column":59}},"line":72},"10":{"name":"(anonymous_10)","decl":{"start":{"line":73,"column":16},"end":{"line":73,"column":17}},"loc":{"start":{"line":73,"column":22},"end":{"line":73,"column":57}},"line":73},"11":{"name":"(anonymous_11)","decl":{"start":{"line":74,"column":19},"end":{"line":74,"column":20}},"loc":{"start":{"line":74,"column":25},"end":{"line":74,"column":63}},"line":74}},"branchMap":{"0":{"loc":{"start":{"line":14,"column":4},"end":{"line":16,"column":5}},"type":"if","locations":[{"start":{"line":14,"column":4},"end":{"line":16,"column":5}},{"start":{"line":14,"column":4},"end":{"line":16,"column":5}}],"line":14},"1":{"loc":{"start":{"line":45,"column":4},"end":{"line":48,"column":5}},"type":"if","locations":[{"start":{"line":45,"column":4},"end":{"line":48,"column":5}},{"start":{"line":45,"column":4},"end":{"line":48,"column":5}}],"line":45},"2":{"loc":{"start":{"line":45,"column":8},"end":{"line":45,"column":66}},"type":"binary-expr","locations":[{"start":{"line":45,"column":8},"end":{"line":45,"column":33}},{"start":{"line":45,"column":37},"end":{"line":45,"column":66}}],"line":45},"3":{"loc":{"start":{"line":50,"column":4},"end":{"line":50,"column":42}},"type":"if","locations":[{"start":{"line":50,"column":4},"end":{"line":50,"column":42}},{"start":{"line":50,"column":4},"end":{"line":50,"column":42}}],"line":50},"4":{"loc":{"start":{"line":58,"column":20},"end":{"line":58,"column":86}},"type":"binary-expr","locations":[{"start":{"line":58,"column":20},"end":{"line":58,"column":54}},{"start":{"line":58,"column":58},"end":{"line":58,"column":86}}],"line":58},"5":{"loc":{"start":{"line":59,"column":4},"end":{"line":59,"column":54}},"type":"if","locations":[{"start":{"line":59,"column":4},"end":{"line":59,"column":54}},{"start":{"line":59,"column":4},"end":{"line":59,"column":54}}],"line":59}},"s":{"0":0,"1":0,"2":0,"3":0,"4":0,"5":0,"6":0,"7":0,"8":0,"9":0,"10":0,"11":0,"12":0,"13":0,"14":0,"15":0,"16":0,"17":0,"18":0,"19":0,"20":0,"21":0,"22":0,"23":0,"24":0,"25":0,"26":0},"f":{"0":0,"1":0,"2":0,"3":0,"4":0,"5":0,"6":0,"7":0,"8":0,"9":0,"10":0,"11":0},"b":{"0":[0,0],"1":[0,0],"2":[0,0],"3":[0,0],"4":[0,0],"5":[0,0]},"hash":"d423de25d65c7f8ca17b6fa51ed4beb8b4c28e82"}
,"/Users/hailey/1_swpp/prev_hw/swpp-hw3-ddanddan18/src/containers/Login/Logout.js": {"path":"/Users/hailey/1_swpp/prev_hw/swpp-hw3-ddanddan18/src/containers/Login/Logout.js","statementMap":{"0":{"start":{"line":7,"column":4},"end":{"line":11,"column":6}},"1":{"start":{"line":8,"column":48},"end":{"line":8,"column":115}},"2":{"start":{"line":8,"column":100},"end":{"line":8,"column":113}},"3":{"start":{"line":14,"column":24},"end":{"line":16,"column":1}},"4":{"start":{"line":15,"column":2},"end":{"line":15,"column":37}},"5":{"start":{"line":17,"column":27},"end":{"line":21,"column":1}},"6":{"start":{"line":18,"column":2},"end":{"line":20,"column":4}},"7":{"start":{"line":19,"column":24},"end":{"line":19,"column":61}}},"fnMap":{"0":{"name":"(anonymous_0)","decl":{"start":{"line":6,"column":2},"end":{"line":6,"column":3}},"loc":{"start":{"line":6,"column":11},"end":{"line":12,"column":3}},"line":6},"1":{"name":"(anonymous_1)","decl":{"start":{"line":8,"column":42},"end":{"line":8,"column":43}},"loc":{"start":{"line":8,"column":48},"end":{"line":8,"column":115}},"line":8},"2":{"name":"(anonymous_2)","decl":{"start":{"line":8,"column":90},"end":{"line":8,"column":91}},"loc":{"start":{"line":8,"column":100},"end":{"line":8,"column":113}},"line":8},"3":{"name":"(anonymous_3)","decl":{"start":{"line":14,"column":24},"end":{"line":14,"column":25}},"loc":{"start":{"line":14,"column":35},"end":{"line":16,"column":1}},"line":14},"4":{"name":"(anonymous_4)","decl":{"start":{"line":17,"column":27},"end":{"line":17,"column":28}},"loc":{"start":{"line":17,"column":41},"end":{"line":21,"column":1}},"line":17},"5":{"name":"(anonymous_5)","decl":{"start":{"line":19,"column":14},"end":{"line":19,"column":15}},"loc":{"start":{"line":19,"column":24},"end":{"line":19,"column":61}},"line":19}},"branchMap":{},"s":{"0":0,"1":0,"2":0,"3":0,"4":0,"5":0,"6":0,"7":0},"f":{"0":0,"1":0,"2":0,"3":0,"4":0,"5":0},"b":{},"hash":"15de4a1769be809184418a21eccf1669457e00be"}
,"/Users/hailey/1_swpp/prev_hw/swpp-hw3-ddanddan18/src/containers/NewArticle/NewArticle.js": {"path":"/Users/hailey/1_swpp/prev_hw/swpp-hw3-ddanddan18/src/containers/NewArticle/NewArticle.js","statementMap":{"0":{"start":{"line":11,"column":10},"end":{"line":15,"column":3}},"1":{"start":{"line":17,"column":23},"end":{"line":19,"column":3}},"2":{"start":{"line":18,"column":4},"end":{"line":18,"column":87}},"3":{"start":{"line":21,"column":4},"end":{"line":53,"column":6}},"4":{"start":{"line":27,"column":12},"end":{"line":27,"column":67}},"5":{"start":{"line":36,"column":38},"end":{"line":36,"column":82}},"6":{"start":{"line":37,"column":40},"end":{"line":37,"column":86}},"7":{"start":{"line":44,"column":56},"end":{"line":44,"column":85}},"8":{"start":{"line":49,"column":29},"end":{"line":49,"column":65}},"9":{"start":{"line":50,"column":32},"end":{"line":50,"column":57}},"10":{"start":{"line":56,"column":24},"end":{"line":61,"column":1}},"11":{"start":{"line":57,"column":2},"end":{"line":60,"column":4}},"12":{"start":{"line":63,"column":27},"end":{"line":68,"column":1}},"13":{"start":{"line":64,"column":2},"end":{"line":67,"column":4}},"14":{"start":{"line":66,"column":6},"end":{"line":66,"column":81}}},"fnMap":{"0":{"name":"(anonymous_0)","decl":{"start":{"line":17,"column":23},"end":{"line":17,"column":24}},"loc":{"start":{"line":17,"column":29},"end":{"line":19,"column":3}},"line":17},"1":{"name":"(anonymous_1)","decl":{"start":{"line":20,"column":2},"end":{"line":20,"column":3}},"loc":{"start":{"line":20,"column":11},"end":{"line":54,"column":3}},"line":20},"2":{"name":"(anonymous_2)","decl":{"start":{"line":26,"column":19},"end":{"line":26,"column":20}},"loc":{"start":{"line":26,"column":30},"end":{"line":28,"column":11}},"line":26},"3":{"name":"(anonymous_3)","decl":{"start":{"line":36,"column":27},"end":{"line":36,"column":28}},"loc":{"start":{"line":36,"column":38},"end":{"line":36,"column":82}},"line":36},"4":{"name":"(anonymous_4)","decl":{"start":{"line":37,"column":29},"end":{"line":37,"column":30}},"loc":{"start":{"line":37,"column":40},"end":{"line":37,"column":86}},"line":37},"5":{"name":"(anonymous_5)","decl":{"start":{"line":44,"column":46},"end":{"line":44,"column":47}},"loc":{"start":{"line":44,"column":56},"end":{"line":44,"column":85}},"line":44},"6":{"name":"(anonymous_6)","decl":{"start":{"line":49,"column":23},"end":{"line":49,"column":24}},"loc":{"start":{"line":49,"column":29},"end":{"line":49,"column":65}},"line":49},"7":{"name":"(anonymous_7)","decl":{"start":{"line":50,"column":26},"end":{"line":50,"column":27}},"loc":{"start":{"line":50,"column":32},"end":{"line":50,"column":57}},"line":50},"8":{"name":"(anonymous_8)","decl":{"start":{"line":56,"column":24},"end":{"line":56,"column":25}},"loc":{"start":{"line":56,"column":35},"end":{"line":61,"column":1}},"line":56},"9":{"name":"(anonymous_9)","decl":{"start":{"line":63,"column":27},"end":{"line":63,"column":28}},"loc":{"start":{"line":63,"column":41},"end":{"line":68,"column":1}},"line":63},"10":{"name":"(anonymous_10)","decl":{"start":{"line":65,"column":20},"end":{"line":65,"column":21}},"loc":{"start":{"line":66,"column":6},"end":{"line":66,"column":81}},"line":66}},"branchMap":{"0":{"loc":{"start":{"line":48,"column":19},"end":{"line":48,"column":71}},"type":"binary-expr","locations":[{"start":{"line":48,"column":19},"end":{"line":48,"column":42}},{"start":{"line":48,"column":46},"end":{"line":48,"column":71}}],"line":48}},"s":{"0":0,"1":0,"2":0,"3":0,"4":0,"5":0,"6":0,"7":0,"8":0,"9":0,"10":0,"11":0,"12":0,"13":0,"14":0},"f":{"0":0,"1":0,"2":0,"3":0,"4":0,"5":0,"6":0,"7":0,"8":0,"9":0,"10":0},"b":{"0":[0,0]},"hash":"60ca4826bdcfbc7a1df46cf491000f25b747eb56"}
,"/Users/hailey/1_swpp/prev_hw/swpp-hw3-ddanddan18/src/containers/NewComment/NewComment.js": {"path":"/Users/hailey/1_swpp/prev_hw/swpp-hw3-ddanddan18/src/containers/NewComment/NewComment.js","statementMap":{"0":{"start":{"line":6,"column":10},"end":{"line":8,"column":3}},"1":{"start":{"line":10,"column":23},"end":{"line":13,"column":3}},"2":{"start":{"line":11,"column":4},"end":{"line":11,"column":91}},"3":{"start":{"line":12,"column":4},"end":{"line":12,"column":35}},"4":{"start":{"line":15,"column":4},"end":{"line":33,"column":6}},"5":{"start":{"line":23,"column":31},"end":{"line":23,"column":77}},"6":{"start":{"line":27,"column":25},"end":{"line":27,"column":50}},"7":{"start":{"line":37,"column":24},"end":{"line":41,"column":1}},"8":{"start":{"line":38,"column":2},"end":{"line":40,"column":4}},"9":{"start":{"line":43,"column":27},"end":{"line":49,"column":1}},"10":{"start":{"line":44,"column":2},"end":{"line":48,"column":4}},"11":{"start":{"line":46,"column":6},"end":{"line":46,"column":106}}},"fnMap":{"0":{"name":"(anonymous_0)","decl":{"start":{"line":10,"column":23},"end":{"line":10,"column":24}},"loc":{"start":{"line":10,"column":29},"end":{"line":13,"column":3}},"line":10},"1":{"name":"(anonymous_1)","decl":{"start":{"line":14,"column":2},"end":{"line":14,"column":3}},"loc":{"start":{"line":14,"column":11},"end":{"line":34,"column":3}},"line":14},"2":{"name":"(anonymous_2)","decl":{"start":{"line":23,"column":20},"end":{"line":23,"column":21}},"loc":{"start":{"line":23,"column":31},"end":{"line":23,"column":77}},"line":23},"3":{"name":"(anonymous_3)","decl":{"start":{"line":27,"column":19},"end":{"line":27,"column":20}},"loc":{"start":{"line":27,"column":25},"end":{"line":27,"column":50}},"line":27},"4":{"name":"(anonymous_4)","decl":{"start":{"line":37,"column":24},"end":{"line":37,"column":25}},"loc":{"start":{"line":37,"column":35},"end":{"line":41,"column":1}},"line":37},"5":{"name":"(anonymous_5)","decl":{"start":{"line":43,"column":27},"end":{"line":43,"column":28}},"loc":{"start":{"line":43,"column":41},"end":{"line":49,"column":1}},"line":43},"6":{"name":"(anonymous_6)","decl":{"start":{"line":45,"column":20},"end":{"line":45,"column":21}},"loc":{"start":{"line":46,"column":6},"end":{"line":46,"column":106}},"line":46}},"branchMap":{},"s":{"0":0,"1":0,"2":0,"3":0,"4":0,"5":0,"6":0,"7":0,"8":0,"9":0,"10":0,"11":0},"f":{"0":0,"1":0,"2":0,"3":0,"4":0,"5":0,"6":0},"b":{},"hash":"b98e3fa6aa35f83886bd64775690ed368f6baa0c"}
,"/Users/hailey/1_swpp/prev_hw/swpp-hw3-ddanddan18/src/store/actions/actionTypes.js": {"path":"/Users/hailey/1_swpp/prev_hw/swpp-hw3-ddanddan18/src/store/actions/actionTypes.js","statementMap":{"0":{"start":{"line":1,"column":21},"end":{"line":1,"column":28}},"1":{"start":{"line":2,"column":22},"end":{"line":2,"column":30}},"2":{"start":{"line":3,"column":32},"end":{"line":3,"column":50}},"3":{"start":{"line":4,"column":27},"end":{"line":4,"column":40}},"4":{"start":{"line":5,"column":25},"end":{"line":5,"column":36}},"5":{"start":{"line":6,"column":29},"end":{"line":6,"column":44}},"6":{"start":{"line":7,"column":27},"end":{"line":7,"column":40}},"7":{"start":{"line":8,"column":27},"end":{"line":8,"column":40}},"8":{"start":{"line":9,"column":32},"end":{"line":9,"column":50}},"9":{"start":{"line":10,"column":30},"end":{"line":10,"column":46}},"10":{"start":{"line":11,"column":30},"end":{"line":11,"column":46}},"11":{"start":{"line":12,"column":28},"end":{"line":12,"column":42}},"12":{"start":{"line":13,"column":28},"end":{"line":13,"column":42}}},"fnMap":{},"branchMap":{},"s":{"0":0,"1":0,"2":0,"3":0,"4":0,"5":0,"6":0,"7":0,"8":0,"9":0,"10":0,"11":0,"12":0},"f":{},"b":{},"hash":"8869ed76deb9e216116558c9fb17ff543800c522"}
,"/Users/hailey/1_swpp/prev_hw/swpp-hw3-ddanddan18/src/store/actions/article.js": {"path":"/Users/hailey/1_swpp/prev_hw/swpp-hw3-ddanddan18/src/store/actions/article.js","statementMap":{"0":{"start":{"line":5,"column":28},"end":{"line":7,"column":1}},"1":{"start":{"line":6,"column":2},"end":{"line":6,"column":58}},"2":{"start":{"line":9,"column":27},"end":{"line":13,"column":1}},"3":{"start":{"line":10,"column":2},"end":{"line":12,"column":4}},"4":{"start":{"line":11,"column":4},"end":{"line":11,"column":86}},"5":{"start":{"line":11,"column":52},"end":{"line":11,"column":84}},"6":{"start":{"line":14,"column":27},"end":{"line":16,"column":1}},"7":{"start":{"line":15,"column":2},"end":{"line":15,"column":56}},"8":{"start":{"line":18,"column":26},"end":{"line":22,"column":1}},"9":{"start":{"line":19,"column":2},"end":{"line":21,"column":4}},"10":{"start":{"line":20,"column":4},"end":{"line":20,"column":91}},"11":{"start":{"line":20,"column":58},"end":{"line":20,"column":89}},"12":{"start":{"line":24,"column":28},"end":{"line":32,"column":1}},"13":{"start":{"line":25,"column":2},"end":{"line":31,"column":4}},"14":{"start":{"line":34,"column":27},"end":{"line":44,"column":1}},"15":{"start":{"line":35,"column":2},"end":{"line":43,"column":4}},"16":{"start":{"line":36,"column":4},"end":{"line":42,"column":55}},"17":{"start":{"line":39,"column":8},"end":{"line":39,"column":41}},"18":{"start":{"line":40,"column":8},"end":{"line":40,"column":27}},"19":{"start":{"line":42,"column":20},"end":{"line":42,"column":53}},"20":{"start":{"line":46,"column":30},"end":{"line":51,"column":1}},"21":{"start":{"line":47,"column":2},"end":{"line":50,"column":4}},"22":{"start":{"line":52,"column":29},"end":{"line":61,"column":1}},"23":{"start":{"line":53,"column":2},"end":{"line":60,"column":4}},"24":{"start":{"line":54,"column":4},"end":{"line":59,"column":47}},"25":{"start":{"line":57,"column":8},"end":{"line":57,"column":46}},"26":{"start":{"line":59,"column":18},"end":{"line":59,"column":45}},"27":{"start":{"line":63,"column":28},"end":{"line":65,"column":1}},"28":{"start":{"line":64,"column":2},"end":{"line":64,"column":57}},"29":{"start":{"line":67,"column":27},"end":{"line":77,"column":1}},"30":{"start":{"line":68,"column":2},"end":{"line":76,"column":4}},"31":{"start":{"line":69,"column":4},"end":{"line":75,"column":55}},"32":{"start":{"line":72,"column":8},"end":{"line":72,"column":41}},"33":{"start":{"line":73,"column":8},"end":{"line":73,"column":27}},"34":{"start":{"line":75,"column":20},"end":{"line":75,"column":53}}},"fnMap":{"0":{"name":"(anonymous_0)","decl":{"start":{"line":5,"column":28},"end":{"line":5,"column":29}},"loc":{"start":{"line":5,"column":42},"end":{"line":7,"column":1}},"line":5},"1":{"name":"(anonymous_1)","decl":{"start":{"line":9,"column":27},"end":{"line":9,"column":28}},"loc":{"start":{"line":9,"column":33},"end":{"line":13,"column":1}},"line":9},"2":{"name":"(anonymous_2)","decl":{"start":{"line":10,"column":9},"end":{"line":10,"column":10}},"loc":{"start":{"line":10,"column":23},"end":{"line":12,"column":3}},"line":10},"3":{"name":"(anonymous_3)","decl":{"start":{"line":11,"column":43},"end":{"line":11,"column":44}},"loc":{"start":{"line":11,"column":52},"end":{"line":11,"column":84}},"line":11},"4":{"name":"(anonymous_4)","decl":{"start":{"line":14,"column":27},"end":{"line":14,"column":28}},"loc":{"start":{"line":14,"column":36},"end":{"line":16,"column":1}},"line":14},"5":{"name":"(anonymous_5)","decl":{"start":{"line":18,"column":26},"end":{"line":18,"column":27}},"loc":{"start":{"line":18,"column":34},"end":{"line":22,"column":1}},"line":18},"6":{"name":"(anonymous_6)","decl":{"start":{"line":19,"column":9},"end":{"line":19,"column":10}},"loc":{"start":{"line":19,"column":23},"end":{"line":21,"column":3}},"line":19},"7":{"name":"(anonymous_7)","decl":{"start":{"line":20,"column":49},"end":{"line":20,"column":50}},"loc":{"start":{"line":20,"column":58},"end":{"line":20,"column":89}},"line":20},"8":{"name":"(anonymous_8)","decl":{"start":{"line":24,"column":28},"end":{"line":24,"column":29}},"loc":{"start":{"line":24,"column":37},"end":{"line":32,"column":1}},"line":24},"9":{"name":"(anonymous_9)","decl":{"start":{"line":34,"column":27},"end":{"line":34,"column":28}},"loc":{"start":{"line":34,"column":36},"end":{"line":44,"column":1}},"line":34},"10":{"name":"(anonymous_10)","decl":{"start":{"line":35,"column":9},"end":{"line":35,"column":10}},"loc":{"start":{"line":35,"column":23},"end":{"line":43,"column":3}},"line":35},"11":{"name":"(anonymous_11)","decl":{"start":{"line":38,"column":12},"end":{"line":38,"column":13}},"loc":{"start":{"line":38,"column":21},"end":{"line":41,"column":7}},"line":38},"12":{"name":"(anonymous_12)","decl":{"start":{"line":42,"column":12},"end":{"line":42,"column":13}},"loc":{"start":{"line":42,"column":20},"end":{"line":42,"column":53}},"line":42},"13":{"name":"(anonymous_13)","decl":{"start":{"line":46,"column":30},"end":{"line":46,"column":31}},"loc":{"start":{"line":46,"column":38},"end":{"line":51,"column":1}},"line":46},"14":{"name":"(anonymous_14)","decl":{"start":{"line":52,"column":29},"end":{"line":52,"column":30}},"loc":{"start":{"line":52,"column":37},"end":{"line":61,"column":1}},"line":52},"15":{"name":"(anonymous_15)","decl":{"start":{"line":53,"column":9},"end":{"line":53,"column":10}},"loc":{"start":{"line":53,"column":23},"end":{"line":60,"column":3}},"line":53},"16":{"name":"(anonymous_16)","decl":{"start":{"line":56,"column":12},"end":{"line":56,"column":13}},"loc":{"start":{"line":56,"column":21},"end":{"line":58,"column":7}},"line":56},"17":{"name":"(anonymous_17)","decl":{"start":{"line":59,"column":12},"end":{"line":59,"column":13}},"loc":{"start":{"line":59,"column":18},"end":{"line":59,"column":45}},"line":59},"18":{"name":"(anonymous_18)","decl":{"start":{"line":63,"column":28},"end":{"line":63,"column":29}},"loc":{"start":{"line":63,"column":37},"end":{"line":65,"column":1}},"line":63},"19":{"name":"(anonymous_19)","decl":{"start":{"line":67,"column":27},"end":{"line":67,"column":28}},"loc":{"start":{"line":67,"column":36},"end":{"line":77,"column":1}},"line":67},"20":{"name":"(anonymous_20)","decl":{"start":{"line":68,"column":9},"end":{"line":68,"column":10}},"loc":{"start":{"line":68,"column":23},"end":{"line":76,"column":3}},"line":68},"21":{"name":"(anonymous_21)","decl":{"start":{"line":71,"column":12},"end":{"line":71,"column":13}},"loc":{"start":{"line":71,"column":21},"end":{"line":74,"column":7}},"line":71},"22":{"name":"(anonymous_22)","decl":{"start":{"line":75,"column":12},"end":{"line":75,"column":13}},"loc":{"start":{"line":75,"column":20},"end":{"line":75,"column":53}},"line":75}},"branchMap":{},"s":{"0":0,"1":0,"2":0,"3":0,"4":0,"5":0,"6":0,"7":0,"8":0,"9":0,"10":0,"11":0,"12":0,"13":0,"14":0,"15":0,"16":0,"17":0,"18":0,"19":0,"20":0,"21":0,"22":0,"23":0,"24":0,"25":0,"26":0,"27":0,"28":0,"29":0,"30":0,"31":0,"32":0,"33":0,"34":0},"f":{"0":0,"1":0,"2":0,"3":0,"4":0,"5":0,"6":0,"7":0,"8":0,"9":0,"10":0,"11":0,"12":0,"13":0,"14":0,"15":0,"16":0,"17":0,"18":0,"19":0,"20":0,"21":0,"22":0},"b":{},"hash":"454e9b292cfcc2b0a023ed69ca01f63ad9f95b48"}
,"/Users/hailey/1_swpp/prev_hw/swpp-hw3-ddanddan18/src/store/actions/comment.js": {"path":"/Users/hailey/1_swpp/prev_hw/swpp-hw3-ddanddan18/src/store/actions/comment.js","statementMap":{"0":{"start":{"line":4,"column":28},"end":{"line":6,"column":1}},"1":{"start":{"line":5,"column":2},"end":{"line":5,"column":68}},"2":{"start":{"line":8,"column":27},"end":{"line":14,"column":1}},"3":{"start":{"line":9,"column":2},"end":{"line":13,"column":4}},"4":{"start":{"line":10,"column":4},"end":{"line":12,"column":7}},"5":{"start":{"line":11,"column":6},"end":{"line":11,"column":39}},"6":{"start":{"line":16,"column":28},"end":{"line":24,"column":1}},"7":{"start":{"line":17,"column":2},"end":{"line":23,"column":4}},"8":{"start":{"line":26,"column":28},"end":{"line":34,"column":1}},"9":{"start":{"line":27,"column":2},"end":{"line":33,"column":4}},"10":{"start":{"line":35,"column":27},"end":{"line":42,"column":1}},"11":{"start":{"line":36,"column":2},"end":{"line":41,"column":4}},"12":{"start":{"line":37,"column":4},"end":{"line":40,"column":7}},"13":{"start":{"line":38,"column":6},"end":{"line":38,"column":39}},"14":{"start":{"line":39,"column":6},"end":{"line":39,"column":25}},"15":{"start":{"line":44,"column":30},"end":{"line":49,"column":1}},"16":{"start":{"line":45,"column":2},"end":{"line":48,"column":4}},"17":{"start":{"line":50,"column":29},"end":{"line":56,"column":1}},"18":{"start":{"line":51,"column":2},"end":{"line":55,"column":4}},"19":{"start":{"line":52,"column":4},"end":{"line":54,"column":7}},"20":{"start":{"line":53,"column":6},"end":{"line":53,"column":35}},"21":{"start":{"line":58,"column":28},"end":{"line":60,"column":1}},"22":{"start":{"line":59,"column":2},"end":{"line":59,"column":57}},"23":{"start":{"line":62,"column":27},"end":{"line":68,"column":1}},"24":{"start":{"line":63,"column":2},"end":{"line":67,"column":4}},"25":{"start":{"line":64,"column":4},"end":{"line":66,"column":7}},"26":{"start":{"line":65,"column":6},"end":{"line":65,"column":39}}},"fnMap":{"0":{"name":"(anonymous_0)","decl":{"start":{"line":4,"column":28},"end":{"line":4,"column":29}},"loc":{"start":{"line":4,"column":42},"end":{"line":6,"column":1}},"line":4},"1":{"name":"(anonymous_1)","decl":{"start":{"line":8,"column":27},"end":{"line":8,"column":28}},"loc":{"start":{"line":8,"column":33},"end":{"line":14,"column":1}},"line":8},"2":{"name":"(anonymous_2)","decl":{"start":{"line":9,"column":9},"end":{"line":9,"column":10}},"loc":{"start":{"line":9,"column":23},"end":{"line":13,"column":3}},"line":9},"3":{"name":"(anonymous_3)","decl":{"start":{"line":10,"column":43},"end":{"line":10,"column":44}},"loc":{"start":{"line":10,"column":52},"end":{"line":12,"column":5}},"line":10},"4":{"name":"(anonymous_4)","decl":{"start":{"line":16,"column":28},"end":{"line":16,"column":29}},"loc":{"start":{"line":16,"column":37},"end":{"line":24,"column":1}},"line":16},"5":{"name":"(anonymous_5)","decl":{"start":{"line":26,"column":28},"end":{"line":26,"column":29}},"loc":{"start":{"line":26,"column":37},"end":{"line":34,"column":1}},"line":26},"6":{"name":"(anonymous_6)","decl":{"start":{"line":35,"column":27},"end":{"line":35,"column":28}},"loc":{"start":{"line":35,"column":36},"end":{"line":42,"column":1}},"line":35},"7":{"name":"(anonymous_7)","decl":{"start":{"line":36,"column":9},"end":{"line":36,"column":10}},"loc":{"start":{"line":36,"column":23},"end":{"line":41,"column":3}},"line":36},"8":{"name":"(anonymous_8)","decl":{"start":{"line":37,"column":49},"end":{"line":37,"column":50}},"loc":{"start":{"line":37,"column":58},"end":{"line":40,"column":5}},"line":37},"9":{"name":"(anonymous_9)","decl":{"start":{"line":44,"column":30},"end":{"line":44,"column":31}},"loc":{"start":{"line":44,"column":38},"end":{"line":49,"column":1}},"line":44},"10":{"name":"(anonymous_10)","decl":{"start":{"line":50,"column":29},"end":{"line":50,"column":30}},"loc":{"start":{"line":50,"column":37},"end":{"line":56,"column":1}},"line":50},"11":{"name":"(anonymous_11)","decl":{"start":{"line":51,"column":9},"end":{"line":51,"column":10}},"loc":{"start":{"line":51,"column":23},"end":{"line":55,"column":3}},"line":51},"12":{"name":"(anonymous_12)","decl":{"start":{"line":52,"column":52},"end":{"line":52,"column":53}},"loc":{"start":{"line":52,"column":61},"end":{"line":54,"column":5}},"line":52},"13":{"name":"(anonymous_13)","decl":{"start":{"line":58,"column":28},"end":{"line":58,"column":29}},"loc":{"start":{"line":58,"column":37},"end":{"line":60,"column":1}},"line":58},"14":{"name":"(anonymous_14)","decl":{"start":{"line":62,"column":27},"end":{"line":62,"column":28}},"loc":{"start":{"line":62,"column":36},"end":{"line":68,"column":1}},"line":62},"15":{"name":"(anonymous_15)","decl":{"start":{"line":63,"column":9},"end":{"line":63,"column":10}},"loc":{"start":{"line":63,"column":23},"end":{"line":67,"column":3}},"line":63},"16":{"name":"(anonymous_16)","decl":{"start":{"line":64,"column":58},"end":{"line":64,"column":59}},"loc":{"start":{"line":64,"column":67},"end":{"line":66,"column":5}},"line":64}},"branchMap":{},"s":{"0":0,"1":0,"2":0,"3":0,"4":0,"5":0,"6":0,"7":0,"8":0,"9":0,"10":0,"11":0,"12":0,"13":0,"14":0,"15":0,"16":0,"17":0,"18":0,"19":0,"20":0,"21":0,"22":0,"23":0,"24":0,"25":0,"26":0},"f":{"0":0,"1":0,"2":0,"3":0,"4":0,"5":0,"6":0,"7":0,"8":0,"9":0,"10":0,"11":0,"12":0,"13":0,"14":0,"15":0,"16":0},"b":{},"hash":"1e1fa9b6e8e77fb01a1a88c385b4fa119cff7aa7"}
,"/Users/hailey/1_swpp/prev_hw/swpp-hw3-ddanddan18/src/store/actions/index.js": {"path":"/Users/hailey/1_swpp/prev_hw/swpp-hw3-ddanddan18/src/store/actions/index.js","statementMap":{},"fnMap":{},"branchMap":{},"s":{},"f":{},"b":{},"hash":"7c1fe2a0477ba985961a4ad9f0c1230e8c5910d1"}
,"/Users/hailey/1_swpp/prev_hw/swpp-hw3-ddanddan18/src/store/actions/user.js": {"path":"/Users/hailey/1_swpp/prev_hw/swpp-hw3-ddanddan18/src/store/actions/user.js","statementMap":{"0":{"start":{"line":4,"column":25},"end":{"line":6,"column":1}},"1":{"start":{"line":5,"column":2},"end":{"line":5,"column":48}},"2":{"start":{"line":8,"column":24},"end":{"line":12,"column":1}},"3":{"start":{"line":9,"column":2},"end":{"line":11,"column":4}},"4":{"start":{"line":10,"column":4},"end":{"line":10,"column":79}},"5":{"start":{"line":10,"column":48},"end":{"line":10,"column":77}},"6":{"start":{"line":14,"column":28},"end":{"line":16,"column":1}},"7":{"start":{"line":15,"column":2},"end":{"line":15,"column":83}},"8":{"start":{"line":18,"column":27},"end":{"line":24,"column":1}},"9":{"start":{"line":19,"column":2},"end":{"line":23,"column":4}},"10":{"start":{"line":20,"column":4},"end":{"line":22,"column":7}},"11":{"start":{"line":21,"column":6},"end":{"line":21,"column":62}},"12":{"start":{"line":26,"column":22},"end":{"line":28,"column":1}},"13":{"start":{"line":27,"column":2},"end":{"line":27,"column":51}},"14":{"start":{"line":30,"column":21},"end":{"line":41,"column":1}},"15":{"start":{"line":31,"column":2},"end":{"line":40,"column":4}},"16":{"start":{"line":32,"column":4},"end":{"line":39,"column":9}},"17":{"start":{"line":38,"column":8},"end":{"line":38,"column":38}},"18":{"start":{"line":42,"column":23},"end":{"line":44,"column":1}},"19":{"start":{"line":43,"column":2},"end":{"line":43,"column":52}},"20":{"start":{"line":46,"column":22},"end":{"line":57,"column":1}},"21":{"start":{"line":47,"column":2},"end":{"line":56,"column":4}},"22":{"start":{"line":48,"column":4},"end":{"line":55,"column":9}},"23":{"start":{"line":54,"column":8},"end":{"line":54,"column":39}}},"fnMap":{"0":{"name":"(anonymous_0)","decl":{"start":{"line":4,"column":25},"end":{"line":4,"column":26}},"loc":{"start":{"line":4,"column":36},"end":{"line":6,"column":1}},"line":4},"1":{"name":"(anonymous_1)","decl":{"start":{"line":8,"column":24},"end":{"line":8,"column":25}},"loc":{"start":{"line":8,"column":30},"end":{"line":12,"column":1}},"line":8},"2":{"name":"(anonymous_2)","decl":{"start":{"line":9,"column":9},"end":{"line":9,"column":10}},"loc":{"start":{"line":9,"column":23},"end":{"line":11,"column":3}},"line":9},"3":{"name":"(anonymous_3)","decl":{"start":{"line":10,"column":39},"end":{"line":10,"column":40}},"loc":{"start":{"line":10,"column":48},"end":{"line":10,"column":77}},"line":10},"4":{"name":"(anonymous_4)","decl":{"start":{"line":14,"column":28},"end":{"line":14,"column":29}},"loc":{"start":{"line":14,"column":50},"end":{"line":16,"column":1}},"line":14},"5":{"name":"(anonymous_5)","decl":{"start":{"line":18,"column":27},"end":{"line":18,"column":28}},"loc":{"start":{"line":18,"column":33},"end":{"line":24,"column":1}},"line":18},"6":{"name":"(anonymous_6)","decl":{"start":{"line":19,"column":9},"end":{"line":19,"column":10}},"loc":{"start":{"line":19,"column":23},"end":{"line":23,"column":3}},"line":19},"7":{"name":"(anonymous_7)","decl":{"start":{"line":20,"column":41},"end":{"line":20,"column":42}},"loc":{"start":{"line":20,"column":50},"end":{"line":22,"column":5}},"line":20},"8":{"name":"(anonymous_8)","decl":{"start":{"line":26,"column":22},"end":{"line":26,"column":23}},"loc":{"start":{"line":26,"column":30},"end":{"line":28,"column":1}},"line":26},"9":{"name":"(anonymous_9)","decl":{"start":{"line":30,"column":21},"end":{"line":30,"column":22}},"loc":{"start":{"line":30,"column":31},"end":{"line":41,"column":1}},"line":30},"10":{"name":"(anonymous_10)","decl":{"start":{"line":31,"column":9},"end":{"line":31,"column":10}},"loc":{"start":{"line":31,"column":23},"end":{"line":40,"column":3}},"line":31},"11":{"name":"(anonymous_11)","decl":{"start":{"line":37,"column":12},"end":{"line":37,"column":13}},"loc":{"start":{"line":37,"column":21},"end":{"line":39,"column":7}},"line":37},"12":{"name":"(anonymous_12)","decl":{"start":{"line":42,"column":23},"end":{"line":42,"column":24}},"loc":{"start":{"line":42,"column":31},"end":{"line":44,"column":1}},"line":42},"13":{"name":"(anonymous_13)","decl":{"start":{"line":46,"column":22},"end":{"line":46,"column":23}},"loc":{"start":{"line":46,"column":32},"end":{"line":57,"column":1}},"line":46},"14":{"name":"(anonymous_14)","decl":{"start":{"line":47,"column":9},"end":{"line":47,"column":10}},"loc":{"start":{"line":47,"column":23},"end":{"line":56,"column":3}},"line":47},"15":{"name":"(anonymous_15)","decl":{"start":{"line":53,"column":12},"end":{"line":53,"column":13}},"loc":{"start":{"line":53,"column":21},"end":{"line":55,"column":7}},"line":53}},"branchMap":{},"s":{"0":0,"1":0,"2":0,"3":0,"4":0,"5":0,"6":0,"7":0,"8":0,"9":0,"10":0,"11":0,"12":0,"13":0,"14":0,"15":0,"16":0,"17":0,"18":0,"19":0,"20":0,"21":0,"22":0,"23":0},"f":{"0":0,"1":0,"2":0,"3":0,"4":0,"5":0,"6":0,"7":0,"8":0,"9":0,"10":0,"11":0,"12":0,"13":0,"14":0,"15":0},"b":{},"hash":"8285ef2449d58df9e750cd90f6468b9d935fa67a"}
,"/Users/hailey/1_swpp/prev_hw/swpp-hw3-ddanddan18/src/store/reducers/article.js": {"path":"/Users/hailey/1_swpp/prev_hw/swpp-hw3-ddanddan18/src/store/reducers/article.js","statementMap":{"0":{"start":{"line":3,"column":21},"end":{"line":6,"column":1}},"1":{"start":{"line":8,"column":16},"end":{"line":42,"column":1}},"2":{"start":{"line":9,"column":2},"end":{"line":40,"column":3}},"3":{"start":{"line":11,"column":6},"end":{"line":11,"column":53}},"4":{"start":{"line":14,"column":6},"end":{"line":14,"column":58}},"5":{"start":{"line":17,"column":25},"end":{"line":22,"column":7}},"6":{"start":{"line":23,"column":6},"end":{"line":23,"column":71}},"7":{"start":{"line":26,"column":22},"end":{"line":28,"column":8}},"8":{"start":{"line":27,"column":8},"end":{"line":27,"column":42}},"9":{"start":{"line":29,"column":6},"end":{"line":29,"column":45}},"10":{"start":{"line":32,"column":21},"end":{"line":35,"column":8}},"11":{"start":{"line":33,"column":8},"end":{"line":34,"column":24}},"12":{"start":{"line":33,"column":41},"end":{"line":33,"column":62}},"13":{"start":{"line":34,"column":13},"end":{"line":34,"column":24}},"14":{"start":{"line":36,"column":6},"end":{"line":36,"column":44}},"15":{"start":{"line":39,"column":6},"end":{"line":39,"column":12}},"16":{"start":{"line":41,"column":2},"end":{"line":41,"column":15}}},"fnMap":{"0":{"name":"(anonymous_0)","decl":{"start":{"line":8,"column":16},"end":{"line":8,"column":17}},"loc":{"start":{"line":8,"column":50},"end":{"line":42,"column":1}},"line":8},"1":{"name":"(anonymous_1)","decl":{"start":{"line":26,"column":44},"end":{"line":26,"column":45}},"loc":{"start":{"line":26,"column":53},"end":{"line":28,"column":7}},"line":26},"2":{"name":"(anonymous_2)","decl":{"start":{"line":32,"column":40},"end":{"line":32,"column":41}},"loc":{"start":{"line":32,"column":49},"end":{"line":35,"column":7}},"line":32}},"branchMap":{"0":{"loc":{"start":{"line":8,"column":17},"end":{"line":8,"column":37}},"type":"default-arg","locations":[{"start":{"line":8,"column":25},"end":{"line":8,"column":37}}],"line":8},"1":{"loc":{"start":{"line":9,"column":2},"end":{"line":40,"column":3}},"type":"switch","locations":[{"start":{"line":10,"column":4},"end":{"line":11,"column":53}},{"start":{"line":13,"column":4},"end":{"line":14,"column":58}},{"start":{"line":16,"column":4},"end":{"line":23,"column":71}},{"start":{"line":25,"column":4},"end":{"line":29,"column":45}},{"start":{"line":31,"column":4},"end":{"line":36,"column":44}},{"start":{"line":38,"column":4},"end":{"line":39,"column":12}}],"line":9},"2":{"loc":{"start":{"line":33,"column":8},"end":{"line":34,"column":24}},"type":"if","locations":[{"start":{"line":33,"column":8},"end":{"line":34,"column":24}},{"start":{"line":33,"column":8},"end":{"line":34,"column":24}}],"line":33}},"s":{"0":0,"1":0,"2":0,"3":0,"4":0,"5":0,"6":0,"7":0,"8":0,"9":0,"10":0,"11":0,"12":0,"13":0,"14":0,"15":0,"16":0},"f":{"0":0,"1":0,"2":0},"b":{"0":[0],"1":[0,0,0,0,0,0],"2":[0,0]},"hash":"2fad90d5141fdbcd150fa414ecbdc3c7817bd41e"}
,"/Users/hailey/1_swpp/prev_hw/swpp-hw3-ddanddan18/src/store/reducers/comment.js": {"path":"/Users/hailey/1_swpp/prev_hw/swpp-hw3-ddanddan18/src/store/reducers/comment.js","statementMap":{"0":{"start":{"line":3,"column":21},"end":{"line":5,"column":1}},"1":{"start":{"line":7,"column":16},"end":{"line":38,"column":1}},"2":{"start":{"line":8,"column":2},"end":{"line":36,"column":3}},"3":{"start":{"line":10,"column":6},"end":{"line":10,"column":53}},"4":{"start":{"line":13,"column":25},"end":{"line":18,"column":7}},"5":{"start":{"line":19,"column":6},"end":{"line":19,"column":71}},"6":{"start":{"line":22,"column":22},"end":{"line":24,"column":8}},"7":{"start":{"line":23,"column":8},"end":{"line":23,"column":42}},"8":{"start":{"line":25,"column":6},"end":{"line":25,"column":45}},"9":{"start":{"line":28,"column":21},"end":{"line":31,"column":8}},"10":{"start":{"line":29,"column":8},"end":{"line":30,"column":24}},"11":{"start":{"line":29,"column":41},"end":{"line":29,"column":62}},"12":{"start":{"line":30,"column":13},"end":{"line":30,"column":24}},"13":{"start":{"line":32,"column":6},"end":{"line":32,"column":44}},"14":{"start":{"line":35,"column":6},"end":{"line":35,"column":12}},"15":{"start":{"line":37,"column":2},"end":{"line":37,"column":15}}},"fnMap":{"0":{"name":"(anonymous_0)","decl":{"start":{"line":7,"column":16},"end":{"line":7,"column":17}},"loc":{"start":{"line":7,"column":50},"end":{"line":38,"column":1}},"line":7},"1":{"name":"(anonymous_1)","decl":{"start":{"line":22,"column":44},"end":{"line":22,"column":45}},"loc":{"start":{"line":22,"column":53},"end":{"line":24,"column":7}},"line":22},"2":{"name":"(anonymous_2)","decl":{"start":{"line":28,"column":40},"end":{"line":28,"column":41}},"loc":{"start":{"line":28,"column":49},"end":{"line":31,"column":7}},"line":28}},"branchMap":{"0":{"loc":{"start":{"line":7,"column":17},"end":{"line":7,"column":37}},"type":"default-arg","locations":[{"start":{"line":7,"column":25},"end":{"line":7,"column":37}}],"line":7},"1":{"loc":{"start":{"line":8,"column":2},"end":{"line":36,"column":3}},"type":"switch","locations":[{"start":{"line":9,"column":4},"end":{"line":10,"column":53}},{"start":{"line":12,"column":4},"end":{"line":19,"column":71}},{"start":{"line":21,"column":4},"end":{"line":25,"column":45}},{"start":{"line":27,"column":4},"end":{"line":32,"column":44}},{"start":{"line":34,"column":4},"end":{"line":35,"column":12}}],"line":8},"2":{"loc":{"start":{"line":29,"column":8},"end":{"line":30,"column":24}},"type":"if","locations":[{"start":{"line":29,"column":8},"end":{"line":30,"column":24}},{"start":{"line":29,"column":8},"end":{"line":30,"column":24}}],"line":29}},"s":{"0":0,"1":0,"2":0,"3":0,"4":0,"5":0,"6":0,"7":0,"8":0,"9":0,"10":0,"11":0,"12":0,"13":0,"14":0,"15":0},"f":{"0":0,"1":0,"2":0},"b":{"0":[0],"1":[0,0,0,0,0],"2":[0,0]},"hash":"ad8fc19b918b584604bd978dea063e52b358438a"}
,"/Users/hailey/1_swpp/prev_hw/swpp-hw3-ddanddan18/src/store/reducers/user.js": {"path":"/Users/hailey/1_swpp/prev_hw/swpp-hw3-ddanddan18/src/store/reducers/user.js","statementMap":{"0":{"start":{"line":2,"column":21},"end":{"line":6,"column":1}},"1":{"start":{"line":8,"column":16},"end":{"line":50,"column":1}},"2":{"start":{"line":9,"column":2},"end":{"line":48,"column":3}},"3":{"start":{"line":11,"column":6},"end":{"line":11,"column":47}},"4":{"start":{"line":14,"column":6},"end":{"line":14,"column":90}},"5":{"start":{"line":14,"column":37},"end":{"line":14,"column":90}},"6":{"start":{"line":15,"column":27},"end":{"line":15,"column":67}},"7":{"start":{"line":16,"column":6},"end":{"line":16,"column":79}},"8":{"start":{"line":19,"column":20},"end":{"line":19,"column":24}},"9":{"start":{"line":20,"column":25},"end":{"line":20,"column":30}},"10":{"start":{"line":21,"column":26},"end":{"line":29,"column":8}},"11":{"start":{"line":22,"column":8},"end":{"line":28,"column":9}},"12":{"start":{"line":23,"column":10},"end":{"line":23,"column":28}},"13":{"start":{"line":24,"column":10},"end":{"line":24,"column":30}},"14":{"start":{"line":25,"column":10},"end":{"line":25,"column":46}},"15":{"start":{"line":27,"column":10},"end":{"line":27,"column":29}},"16":{"start":{"line":30,"column":6},"end":{"line":30,"column":89}},"17":{"start":{"line":33,"column":22},"end":{"line":33,"column":34}},"18":{"start":{"line":34,"column":26},"end":{"line":34,"column":31}},"19":{"start":{"line":35,"column":26},"end":{"line":43,"column":8}},"20":{"start":{"line":36,"column":8},"end":{"line":42,"column":9}},"21":{"start":{"line":37,"column":10},"end":{"line":37,"column":31}},"22":{"start":{"line":38,"column":10},"end":{"line":38,"column":27}},"23":{"start":{"line":39,"column":10},"end":{"line":39,"column":47}},"24":{"start":{"line":41,"column":10},"end":{"line":41,"column":29}},"25":{"start":{"line":44,"column":6},"end":{"line":44,"column":93}},"26":{"start":{"line":47,"column":6},"end":{"line":47,"column":12}},"27":{"start":{"line":49,"column":2},"end":{"line":49,"column":15}}},"fnMap":{"0":{"name":"(anonymous_0)","decl":{"start":{"line":8,"column":16},"end":{"line":8,"column":17}},"loc":{"start":{"line":8,"column":50},"end":{"line":50,"column":1}},"line":8},"1":{"name":"(anonymous_1)","decl":{"start":{"line":21,"column":42},"end":{"line":21,"column":43}},"loc":{"start":{"line":21,"column":52},"end":{"line":29,"column":7}},"line":21},"2":{"name":"(anonymous_2)","decl":{"start":{"line":35,"column":42},"end":{"line":35,"column":43}},"loc":{"start":{"line":35,"column":52},"end":{"line":43,"column":7}},"line":35}},"branchMap":{"0":{"loc":{"start":{"line":8,"column":17},"end":{"line":8,"column":37}},"type":"default-arg","locations":[{"start":{"line":8,"column":25},"end":{"line":8,"column":37}}],"line":8},"1":{"loc":{"start":{"line":9,"column":2},"end":{"line":48,"column":3}},"type":"switch","locations":[{"start":{"line":10,"column":4},"end":{"line":11,"column":47}},{"start":{"line":13,"column":4},"end":{"line":16,"column":79}},{"start":{"line":18,"column":4},"end":{"line":30,"column":89}},{"start":{"line":32,"column":4},"end":{"line":44,"column":93}},{"start":{"line":46,"column":4},"end":{"line":47,"column":12}}],"line":9},"2":{"loc":{"start":{"line":14,"column":6},"end":{"line":14,"column":90}},"type":"if","locations":[{"start":{"line":14,"column":6},"end":{"line":14,"column":90}},{"start":{"line":14,"column":6},"end":{"line":14,"column":90}}],"line":14},"3":{"loc":{"start":{"line":15,"column":27},"end":{"line":15,"column":67}},"type":"cond-expr","locations":[{"start":{"line":15,"column":47},"end":{"line":15,"column":60}},{"start":{"line":15,"column":63},"end":{"line":15,"column":67}}],"line":15},"4":{"loc":{"start":{"line":22,"column":8},"end":{"line":28,"column":9}},"type":"if","locations":[{"start":{"line":22,"column":8},"end":{"line":28,"column":9}},{"start":{"line":22,"column":8},"end":{"line":28,"column":9}}],"line":22},"5":{"loc":{"start":{"line":22,"column":12},"end":{"line":22,"column":58}},"type":"binary-expr","locations":[{"start":{"line":22,"column":12},"end":{"line":22,"column":39}},{"start":{"line":22,"column":43},"end":{"line":22,"column":58}}],"line":22},"6":{"loc":{"start":{"line":36,"column":8},"end":{"line":42,"column":9}},"type":"if","locations":[{"start":{"line":36,"column":8},"end":{"line":42,"column":9}},{"start":{"line":36,"column":8},"end":{"line":42,"column":9}}],"line":36},"7":{"loc":{"start":{"line":36,"column":12},"end":{"line":36,"column":57}},"type":"binary-expr","locations":[{"start":{"line":36,"column":12},"end":{"line":36,"column":39}},{"start":{"line":36,"column":43},"end":{"line":36,"column":57}}],"line":36}},"s":{"0":0,"1":0,"2":0,"3":0,"4":0,"5":0,"6":0,"7":0,"8":0,"9":0,"10":0,"11":0,"12":0,"13":0,"14":0,"15":0,"16":0,"17":0,"18":0,"19":0,"20":0,"21":0,"22":0,"23":0,"24":0,"25":0,"26":0,"27":0},"f":{"0":0,"1":0,"2":0},"b":{"0":[0],"1":[0,0,0,0,0],"2":[0,0],"3":[0,0],"4":[0,0],"5":[0,0],"6":[0,0],"7":[0,0]},"hash":"8c396c848e9591cc126bcdd77cd6928daa0689a6"}
}
